[2024-03-10 15:30:57,693] tensorflow -DEBUG - Falling back to TensorFlow client; we recommended you install the Cloud TPU client directly with pip install cloud-tpu-client.
[2024-03-10 15:30:59,432] h5py._conv -DEBUG - Creating converter from 7 to 5
[2024-03-10 15:30:59,432] h5py._conv -DEBUG - Creating converter from 5 to 7
[2024-03-10 15:30:59,432] h5py._conv -DEBUG - Creating converter from 7 to 5
[2024-03-10 15:30:59,432] h5py._conv -DEBUG - Creating converter from 5 to 7
[2024-03-10 15:31:05,587] root -INFO - Enter the get_data_from_github methof of Data Ingestion Class
[2024-03-10 15:31:05,594] root -INFO - SUccess---
[2024-03-10 15:31:12,827] root -INFO - Successfully Read the data and save into artifacts folder 
[2024-03-10 15:31:12,834] root -INFO - Enter the initiate data transformation method of Data Transformation class
[2024-03-10 15:31:12,834] root -INFO - ENter into the imbalance data cleanig function 
[2024-03-10 15:31:12,995] root -INFO - Exited the imabalnce data cleaning function and return imbalance data 
[2024-03-10 15:31:12,997] root -INFO - Entered into the raw_data_cleaning function
[2024-03-10 15:31:13,145] root -INFO - Exited the raw_data_cleanin function and returned the raw data        label                                              tweet
0          0  !!! RT @mayasolovely: As a woman you shouldn't...
1          1  !!!!! RT @mleew17: boy dats cold...tyga dwn ba...
2          1  !!!!!!! RT @UrKindOfBrand Dawg!!!! RT @80sbaby...
3          1  !!!!!!!!! RT @C_G_Anderson: @viva_based she lo...
4          1  !!!!!!!!!!!!! RT @ShenikaRoberts: The shit you...
...      ...                                                ...
24778      1  you's a muthaf***in lie &#8220;@LifeAsKing: @2...
24779      0  you've gone and broke the wrong heart baby, an...
24780      1  young buck wanna eat!!.. dat nigguh like I ain...
24781      1              youu got wild bitches tellin you lies
24782      0  ~~Ruffled | Ntac Eileen Dahlia - Beautiful col...

[24783 rows x 2 columns]
[2024-03-10 15:31:13,145] root -INFO - Enter into the concat dataframe function
[2024-03-10 15:31:13,145] root -INFO - Entered into the raw_data_cleaning function
[2024-03-10 15:31:13,256] root -INFO - Exited the raw_data_cleanin function and returned the raw data        label                                              tweet
0          0  !!! RT @mayasolovely: As a woman you shouldn't...
1          1  !!!!! RT @mleew17: boy dats cold...tyga dwn ba...
2          1  !!!!!!! RT @UrKindOfBrand Dawg!!!! RT @80sbaby...
3          1  !!!!!!!!! RT @C_G_Anderson: @viva_based she lo...
4          1  !!!!!!!!!!!!! RT @ShenikaRoberts: The shit you...
...      ...                                                ...
24778      1  you's a muthaf***in lie &#8220;@LifeAsKing: @2...
24779      0  you've gone and broke the wrong heart baby, an...
24780      1  young buck wanna eat!!.. dat nigguh like I ain...
24781      1              youu got wild bitches tellin you lies
24782      0  ~~Ruffled | Ntac Eileen Dahlia - Beautiful col...

[24783 rows x 2 columns]
[2024-03-10 15:31:13,256] root -INFO - ENter into the imbalance data cleanig function 
[2024-03-10 15:31:13,356] root -INFO - Exited the imabalnce data cleaning function and return imbalance data 
[2024-03-10 15:31:56,396] root -INFO - Enter the Model_EVulation
